<?xml version="1.0" encoding="UTF-8"?>
<!-- Generated by org.testng.reporters.JUnitReportReporter -->
<testsuite skipped="0" hostname="LAPTOP-9RRGRIPS" name="tech.walkingtree.Appium.runner.TestRunner" tests="3" failures="0" timestamp="2022-07-13T15:34:28 IST" time="12.624" errors="0">
  <testcase name="runScenario" time="3.935" classname="tech.walkingtree.Appium.runner.TestRunner"/>
  <system-out/>
  <testcase name="runScenario" time="5.640" classname="tech.walkingtree.Appium.runner.TestRunner"/>
  <system-out/>
  <testcase name="runScenario" time="3.049" classname="tech.walkingtree.Appium.runner.TestRunner"/>
  <system-out/>
</testsuite> <!-- tech.walkingtree.Appium.runner.TestRunner -->
